<?xml version="1.0" encoding="UTF-8"?>
<testsuite name="org.udesa.giftcards.GiftcardsApplicationTests" tests="1" skipped="0" failures="0" errors="0" timestamp="2025-11-23T22:39:02.245Z" hostname="Benjas-MacBook-Air.local" time="0.518">
  <properties/>
  <testcase name="contextLoads()" classname="org.udesa.giftcards.GiftcardsApplicationTests" time="0.518"/>
  <system-out><![CDATA[19:38:58.033 [Test worker] INFO org.springframework.test.context.support.AnnotationConfigContextLoaderUtils -- Could not detect default configuration classes for test class [org.udesa.giftcards.GiftcardsApplicationTests]: GiftcardsApplicationTests does not declare any static, non-private, non-final, nested classes annotated with @Configuration.
19:38:58.147 [Test worker] INFO org.springframework.boot.test.context.SpringBootTestContextBootstrapper -- Found @SpringBootConfiguration org.udesa.giftcards.GiftcardsApplication for test class org.udesa.giftcards.GiftcardsApplicationTests
  .   ____          _            __ _ _
 /\\ / ___'_ __ _ _(_)_ __  __ _ \ \ \ \
( ( )\___ | '_ | '_| | '_ \/ _` | \ \ \ \
 \\/  ___)| |_)| | | | | || (_| |  ) ) ) )
  '  |____| .__|_| |_|_| |_\__, | / / / /
 =========|_|==============|___/=/_/_/_/

 :: Spring Boot ::                (v3.3.0)

2025-11-23T19:38:58.486-03:00  INFO 26621 --- [giftcards] [    Test worker] o.u.giftcards.GiftcardsApplicationTests  : Starting GiftcardsApplicationTests using Java 23-valhalla with PID 26621 (started by benjavitale in /Users/benjavitale/IdeaProjects/TPB_software)
2025-11-23T19:38:58.489-03:00  INFO 26621 --- [giftcards] [    Test worker] o.u.giftcards.GiftcardsApplicationTests  : No active profile set, falling back to 1 default profile: "default"
2025-11-23T19:38:59.037-03:00  INFO 26621 --- [giftcards] [    Test worker] .s.d.r.c.RepositoryConfigurationDelegate : Bootstrapping Spring Data JPA repositories in DEFAULT mode.
2025-11-23T19:38:59.079-03:00  INFO 26621 --- [giftcards] [    Test worker] .s.d.r.c.RepositoryConfigurationDelegate : Finished Spring Data repository scanning in 34 ms. Found 3 JPA repository interfaces.
2025-11-23T19:38:59.430-03:00  INFO 26621 --- [giftcards] [    Test worker] com.zaxxer.hikari.HikariDataSource       : HikariPool-1 - Starting...
2025-11-23T19:38:59.648-03:00  INFO 26621 --- [giftcards] [    Test worker] com.zaxxer.hikari.pool.HikariPool        : HikariPool-1 - Added connection conn0: url=jdbc:h2:mem:b1a8aee3-9868-4b24-92a2-2a7707d12743 user=SA
2025-11-23T19:38:59.649-03:00  INFO 26621 --- [giftcards] [    Test worker] com.zaxxer.hikari.HikariDataSource       : HikariPool-1 - Start completed.
2025-11-23T19:38:59.717-03:00  INFO 26621 --- [giftcards] [    Test worker] o.hibernate.jpa.internal.util.LogHelper  : HHH000204: Processing PersistenceUnitInfo [name: default]
2025-11-23T19:38:59.762-03:00  INFO 26621 --- [giftcards] [    Test worker] org.hibernate.Version                    : HHH000412: Hibernate ORM core version 6.5.2.Final
2025-11-23T19:38:59.789-03:00  INFO 26621 --- [giftcards] [    Test worker] o.h.c.internal.RegionFactoryInitiator    : HHH000026: Second-level cache disabled
2025-11-23T19:38:59.983-03:00  INFO 26621 --- [giftcards] [    Test worker] o.s.o.j.p.SpringPersistenceUnitInfo      : No LoadTimeWeaver setup: ignoring JPA class transformer
2025-11-23T19:39:00.616-03:00  INFO 26621 --- [giftcards] [    Test worker] o.h.e.t.j.p.i.JtaPlatformInitiator       : HHH000489: No JTA platform available (set 'hibernate.transaction.jta.platform' to enable JTA platform integration)
2025-11-23T19:39:00.652-03:00  INFO 26621 --- [giftcards] [    Test worker] j.LocalContainerEntityManagerFactoryBean : Initialized JPA EntityManagerFactory for persistence unit 'default'
2025-11-23T19:39:01.332-03:00  WARN 26621 --- [giftcards] [    Test worker] JpaBaseConfiguration$JpaWebConfiguration : spring.jpa.open-in-view is enabled by default. Therefore, database queries may be performed during view rendering. Explicitly configure spring.jpa.open-in-view to disable this warning
2025-11-23T19:39:01.929-03:00  INFO 26621 --- [giftcards] [    Test worker] o.u.giftcards.GiftcardsApplicationTests  : Started GiftcardsApplicationTests in 3.627 seconds (process running for 5.074)
>>> Usuarios cargados.
>>> Merchants cargados.
>>> GiftCards cargadas.
]]></system-out>
  <system-err><![CDATA[WARNING: A Java agent has been loaded dynamically (/Users/benjavitale/.gradle/caches/modules-2/files-2.1/net.bytebuddy/byte-buddy-agent/1.14.16/4a451ee6484abac3a498df0f3b33ed00a6fced4d/byte-buddy-agent-1.14.16.jar)
WARNING: If a serviceability tool is in use, please run with -XX:+EnableDynamicAgentLoading to hide this warning
WARNING: If a serviceability tool is not in use, please run with -Djdk.instrument.traceUsage for more information
WARNING: Dynamic loading of agents will be disallowed by default in a future release
]]></system-err>
</testsuite>
