<?xml version="1.0" encoding="UTF-8"?>
<testsuite name="org.udesa.giftcards.GiftcardsApplicationTests" tests="1" skipped="0" failures="0" errors="0" timestamp="2025-11-23T21:28:12.239Z" hostname="Benjas-MacBook-Air.local" time="0.002">
  <properties/>
  <testcase name="contextLoads()" classname="org.udesa.giftcards.GiftcardsApplicationTests" time="0.002"/>
  <system-out><![CDATA[2025-11-23T18:28:11.783-03:00  INFO 24156 --- [giftcards] [    Test worker] t.c.s.AnnotationConfigContextLoaderUtils : Could not detect default configuration classes for test class [org.udesa.giftcards.GiftcardsApplicationTests]: GiftcardsApplicationTests does not declare any static, non-private, non-final, nested classes annotated with @Configuration.
2025-11-23T18:28:11.793-03:00  INFO 24156 --- [giftcards] [    Test worker] .b.t.c.SpringBootTestContextBootstrapper : Found @SpringBootConfiguration org.udesa.giftcards.GiftcardsApplication for test class org.udesa.giftcards.GiftcardsApplicationTests
  .   ____          _            __ _ _
 /\\ / ___'_ __ _ _(_)_ __  __ _ \ \ \ \
( ( )\___ | '_ | '_| | '_ \/ _` | \ \ \ \
 \\/  ___)| |_)| | | | | || (_| |  ) ) ) )
  '  |____| .__|_| |_|_| |_\__, | / / / /
 =========|_|==============|___/=/_/_/_/

 :: Spring Boot ::                (v3.3.0)

2025-11-23T18:28:11.819-03:00  INFO 24156 --- [giftcards] [    Test worker] o.u.giftcards.GiftcardsApplicationTests  : Starting GiftcardsApplicationTests using Java 23-valhalla with PID 24156 (started by benjavitale in /Users/benjavitale/IdeaProjects/TPB_software)
2025-11-23T18:28:11.819-03:00  INFO 24156 --- [giftcards] [    Test worker] o.u.giftcards.GiftcardsApplicationTests  : No active profile set, falling back to 1 default profile: "default"
2025-11-23T18:28:11.943-03:00  INFO 24156 --- [giftcards] [    Test worker] .s.d.r.c.RepositoryConfigurationDelegate : Bootstrapping Spring Data JPA repositories in DEFAULT mode.
2025-11-23T18:28:11.947-03:00  INFO 24156 --- [giftcards] [    Test worker] .s.d.r.c.RepositoryConfigurationDelegate : Finished Spring Data repository scanning in 4 ms. Found 3 JPA repository interfaces.
2025-11-23T18:28:12.048-03:00  INFO 24156 --- [giftcards] [    Test worker] com.zaxxer.hikari.HikariDataSource       : HikariPool-2 - Starting...
2025-11-23T18:28:12.049-03:00  INFO 24156 --- [giftcards] [    Test worker] com.zaxxer.hikari.pool.HikariPool        : HikariPool-2 - Added connection conn10: url=jdbc:h2:mem:92237b67-c24d-4dd3-8238-7db1e80c7629 user=SA
2025-11-23T18:28:12.049-03:00  INFO 24156 --- [giftcards] [    Test worker] com.zaxxer.hikari.HikariDataSource       : HikariPool-2 - Start completed.
2025-11-23T18:28:12.050-03:00  INFO 24156 --- [giftcards] [    Test worker] o.hibernate.jpa.internal.util.LogHelper  : HHH000204: Processing PersistenceUnitInfo [name: default]
2025-11-23T18:28:12.051-03:00  INFO 24156 --- [giftcards] [    Test worker] o.h.c.internal.RegionFactoryInitiator    : HHH000026: Second-level cache disabled
2025-11-23T18:28:12.055-03:00  INFO 24156 --- [giftcards] [    Test worker] o.s.o.j.p.SpringPersistenceUnitInfo      : No LoadTimeWeaver setup: ignoring JPA class transformer
2025-11-23T18:28:12.091-03:00  INFO 24156 --- [giftcards] [    Test worker] o.h.e.t.j.p.i.JtaPlatformInitiator       : HHH000489: No JTA platform available (set 'hibernate.transaction.jta.platform' to enable JTA platform integration)
2025-11-23T18:28:12.094-03:00  INFO 24156 --- [giftcards] [    Test worker] j.LocalContainerEntityManagerFactoryBean : Initialized JPA EntityManagerFactory for persistence unit 'default'
2025-11-23T18:28:12.151-03:00  WARN 24156 --- [giftcards] [    Test worker] JpaBaseConfiguration$JpaWebConfiguration : spring.jpa.open-in-view is enabled by default. Therefore, database queries may be performed during view rendering. Explicitly configure spring.jpa.open-in-view to disable this warning
2025-11-23T18:28:12.228-03:00  INFO 24156 --- [giftcards] [    Test worker] o.u.giftcards.GiftcardsApplicationTests  : Started GiftcardsApplicationTests in 0.427 seconds (process running for 5.651)
>>> Usuarios cargados.
>>> Merchants cargados.
>>> GiftCards cargadas.
]]></system-out>
  <system-err><![CDATA[]]></system-err>
</testsuite>
