<?xml version="1.0" encoding="UTF-8"?>
<testsuite name="org.udesa.giftcards.model.GiftCardTest" tests="5" skipped="0" failures="0" errors="0" timestamp="2025-11-23T21:28:12.341Z" hostname="Benjas-MacBook-Air.local" time="0.002">
  <properties/>
  <testcase name="aSimpleCard()" classname="org.udesa.giftcards.model.GiftCardTest" time="0.0"/>
  <testcase name="cannotChargeUnownedCards()" classname="org.udesa.giftcards.model.GiftCardTest" time="0.0"/>
  <testcase name="cannotOverrunACard()" classname="org.udesa.giftcards.model.GiftCardTest" time="0.0"/>
  <testcase name="chargeACard()" classname="org.udesa.giftcards.model.GiftCardTest" time="0.001"/>
  <testcase name="aSimpleIsNotOwnedCard()" classname="org.udesa.giftcards.model.GiftCardTest" time="0.0"/>
  <system-out><![CDATA[]]></system-out>
  <system-err><![CDATA[]]></system-err>
</testsuite>
